======================================================================
CMF Irrationality VAE — General-Purpose Search
  shards   = /Users/davidsvensson/Desktop/rd-lumi-z3/cmf_loop_project/hunt_shards
  sweeps   = /Users/davidsvensson/Desktop/rd-lumi-z3/6F5Sweeps
  out_dir  = results/cmf_irr_vae
======================================================================

[1/6] Loading data...
  hunt_shards: 25000 records  score∈[0.000,1.000]
  6F5 sweeps:  4491 records  δ∈[0.080,0.209]
  Combined: 29491 records  (hunt=25000, 6F5=4491)

[2/6] Training VAE (200 epochs, latent_dim=10)...
    epoch  50/200  recon=0.0390  kl=0.0000  β=2.00
    epoch 100/200  recon=0.0369  kl=0.0000  β=2.00
    epoch 150/200  recon=0.0364  kl=0.0000  β=2.00
    epoch 200/200  recon=0.0363  kl=0.0000  β=2.00
  Trained in 106s. Saved: results/cmf_irr_vae/cmf_irr_vae.pt

[3/6] Encoding dataset into latent space...

[4/6] Visualizing latent space...
  Saved: results/cmf_irr_vae/fig_latent_space.png
  Saved: results/cmf_irr_vae/fig_score_distribution.png

[5/6] Generating 500 candidates (top 15% region)...
  Decoded 500 candidate parameter vectors

[6/6] Running convergence check (depth=60)...
  Candidates with δ > 0.10: 0/500 (0.0%)

  Results saved: results/cmf_irr_vae/candidates.json

======================================================================
SUMMARY
  Training set  : 29491 CMFs  (hunt_shards dim-4=25000, 6F5 f0g4=4491)
  Latent dim    : 10
  Generated     : 500 candidates
  δ > 0.10 hits : 0  (0.0%)
  Output dir    : results/cmf_irr_vae
======================================================================
